<?xml version="1.0" encoding="UTF-8"?>
<!-- Generated by org.testng.reporters.JUnitReportReporter -->
<testsuite skipped="0" hostname="TRI03L-5TH09Z1" name="TestNG.GoogleTest" tests="3" failures="1" timestamp="14 Aug 2020 14:17:53 GMT" time="4.544" errors="0">
  <testcase name="googleTitleTest" time="0.015" classname="TestNG.GoogleTest"/>
  <testcase name="Enter" time="4.520" classname="TestNG.GoogleTest"/>
  <testcase name="getCurrentUrl" time="0.009" classname="TestNG.GoogleTest">
    <failure type="java.lang.AssertionError" message="expected [https://www.google.com/?gws_rd=ssl] but found [https://www.google.com/search?source=hp&amp;ei=fJw2X6XjDZGG4-EP-dqz2AQ&amp;q=Ram+charan&amp;oq=Ram+charan&amp;gs_lcp=CgZwc3ktYWIQA1C8G1j2G2DMHGgAcAB4AIABAIgBAJIBAJgBAKABAaoBB2d3cy13aXo&amp;sclient=psy-ab&amp;ved=0ahUKEwilkZrq8JrrAhURwzgGHXntDEsQ4dUDCAc&amp;uact=5]">
      <![CDATA[java.lang.AssertionError: expected [https://www.google.com/?gws_rd=ssl] but found [https://www.google.com/search?source=hp&ei=fJw2X6XjDZGG4-EP-dqz2AQ&q=Ram+charan&oq=Ram+charan&gs_lcp=CgZwc3ktYWIQA1C8G1j2G2DMHGgAcAB4AIABAIgBAJIBAJgBAKABAaoBB2d3cy13aXo&sclient=psy-ab&ved=0ahUKEwilkZrq8JrrAhURwzgGHXntDEsQ4dUDCAc&uact=5]
at org.testng.Assert.fail(Assert.java:96)
at org.testng.Assert.failNotEquals(Assert.java:776)
at org.testng.Assert.assertEqualsImpl(Assert.java:137)
at org.testng.Assert.assertEquals(Assert.java:118)
at org.testng.Assert.assertEquals(Assert.java:453)
at org.testng.Assert.assertEquals(Assert.java:463)
at TestNG.GoogleTest.getCurrentUrl(GoogleTest.java:53)
at sun.reflect.NativeMethodAccessorImpl.invoke0(Native Method)
at sun.reflect.NativeMethodAccessorImpl.invoke(Unknown Source)
at sun.reflect.DelegatingMethodAccessorImpl.invoke(Unknown Source)
at java.lang.reflect.Method.invoke(Unknown Source)
at org.testng.internal.MethodInvocationHelper.invokeMethod(MethodInvocationHelper.java:124)
at org.testng.internal.Invoker.invokeMethod(Invoker.java:583)
at org.testng.internal.Invoker.invokeTestMethod(Invoker.java:719)
at org.testng.internal.Invoker.invokeTestMethods(Invoker.java:989)
at org.testng.internal.TestMethodWorker.invokeTestMethods(TestMethodWorker.java:125)
at org.testng.internal.TestMethodWorker.run(TestMethodWorker.java:109)
at org.testng.TestRunner.privateRun(TestRunner.java:648)
at org.testng.TestRunner.run(TestRunner.java:505)
at org.testng.SuiteRunner.runTest(SuiteRunner.java:455)
at org.testng.SuiteRunner.runSequentially(SuiteRunner.java:450)
at org.testng.SuiteRunner.privateRun(SuiteRunner.java:415)
at org.testng.SuiteRunner.run(SuiteRunner.java:364)
at org.testng.SuiteRunnerWorker.runSuite(SuiteRunnerWorker.java:52)
at org.testng.SuiteRunnerWorker.run(SuiteRunnerWorker.java:84)
at org.testng.TestNG.runSuitesSequentially(TestNG.java:1208)
at org.testng.TestNG.runSuitesLocally(TestNG.java:1137)
at org.testng.TestNG.runSuites(TestNG.java:1049)
at org.testng.TestNG.run(TestNG.java:1017)
at org.testng.remote.AbstractRemoteTestNG.run(AbstractRemoteTestNG.java:132)
at org.testng.remote.RemoteTestNG.initAndRun(RemoteTestNG.java:230)
at org.testng.remote.RemoteTestNG.main(RemoteTestNG.java:76)
]]>
    </failure>
  </testcase> <!-- getCurrentUrl -->
</testsuite> <!-- TestNG.GoogleTest -->
